<?xml version="1.0" encoding="UTF-8"?>
<!-- Generated by org.testng.reporters.JUnitReportReporter -->
<testsuite hostname="QT-INBG-LT1768" failures="0" tests="2" name="pom.signin_pom" time="12.976" errors="0" timestamp="2022-09-27T09:31:33 IST" skipped="0">
  <testcase classname="pom.signin_pom" name="Signin" time="6.273"/>
  <system-out/>
  <testcase classname="pom.signin_pom" name="Signin" time="6.703"/>
  <system-out/>
</testsuite> <!-- pom.signin_pom -->
