<?xml version="1.0" encoding="UTF-8"?>
<!-- Generated by org.testng.reporters.JUnitReportReporter -->
<testsuite hostname="QT-INBG-LT1768" failures="0" tests="1" name="pom.Home_pom" time="9.072" errors="0" timestamp="2022-09-27T09:31:33 IST" skipped="0">
  <testcase classname="pom.Home_pom" name="setup" time="9.072"/>
  <system-out/>
</testsuite> <!-- pom.Home_pom -->
