<?xml version="1.0" encoding="UTF-8"?>
<!-- Generated by org.testng.reporters.JUnitReportReporter -->
<testsuite hostname="QT-INBG-LT1768" failures="0" tests="2" name="pom.Sign_up" time="11.451" errors="0" timestamp="2022-09-27T09:31:33 IST" skipped="0">
  <testcase classname="pom.Sign_up" name="registerButton" time="5.725"/>
  <system-out/>
  <testcase classname="pom.Sign_up" name="registerButton" time="5.726"/>
  <system-out/>
</testsuite> <!-- pom.Sign_up -->
