<?xml version="1.0" encoding="UTF-8"?>
<!-- Generated by org.testng.reporters.JUnitReportReporter -->
<testsuite hostname="QT-INBG-LT1768" failures="0" tests="1" name="pom.Signup" time="4.786" errors="0" timestamp="2022-09-21T15:07:01 IST" skipped="0">
  <testcase classname="pom.Signup" name="launchBrowser" time="4.786"/>
  <system-out/>
</testsuite> <!-- pom.Signup -->
